<?xml version="1.0" encoding="UTF-8"?>
<!-- Generated by org.testng.reporters.JUnitReportReporter -->
<testsuite hostname="LAPTOP-0K6BES4B" failures="0" tests="1" name="runnerClass.RunnerIO" time="0.158" errors="0" timestamp="2023-09-02T14:46:09 IST" skipped="0">
  <testcase classname="runnerClass.RunnerIO" name="runScenario" time="0.158"/>
  <system-out/>
</testsuite> <!-- runnerClass.RunnerIO -->
